<?xml version="1.0" encoding="UTF-8"?>
<testng-results ignored="0" total="1" passed="1" failed="0" skipped="0">
  <reporter-output>
  </reporter-output>
  <suite started-at="2024-07-01T19:09:35 IST" name="Default suite" finished-at="2024-07-01T19:10:48 IST" duration-ms="73671">
    <groups>
    </groups>
    <test started-at="2024-07-01T19:09:35 IST" name="Default test" finished-at="2024-07-01T19:10:48 IST" duration-ms="73671">
      <class name="mar15th.WebTable2">
        <test-method is-config="true" signature="setUp()[pri:0, instance:mar15th.WebTable2@7674f035]" started-at="2024-07-01T19:09:35 IST" name="setUp" finished-at="2024-07-01T19:10:31 IST" duration-ms="56932" status="PASS">
          <reporter-output>
          </reporter-output>
        </test-method> <!-- setUp -->
        <test-method signature="webTable1Test()[pri:0, instance:mar15th.WebTable2@7674f035]" started-at="2024-07-01T19:10:32 IST" name="webTable1Test" finished-at="2024-07-01T19:10:44 IST" duration-ms="12751" status="PASS">
          <reporter-output>
          </reporter-output>
        </test-method> <!-- webTable1Test -->
        <test-method is-config="true" signature="teardown()[pri:0, instance:mar15th.WebTable2@7674f035]" started-at="2024-07-01T19:10:44 IST" name="teardown" finished-at="2024-07-01T19:10:48 IST" duration-ms="3887" status="PASS">
          <reporter-output>
          </reporter-output>
        </test-method> <!-- teardown -->
      </class> <!-- mar15th.WebTable2 -->
    </test> <!-- Default test -->
  </suite> <!-- Default suite -->
</testng-results>
